生成启动时间为 2018/6/27 21:12:40。
     1>项目“C:\Users\xcg\Desktop\Code_Pra\c++_test\Bind_Test\Bind_Test\Bind_Test.vcxproj”在节点 2 上(build 个目标)。
     1>InitializeBuildStatus:
         正在对“Debug\Bind_Test.unsuccessfulbuild”执行 Touch 任务。
       ClCompile:
         I:\Program Files (x86)\Microsoft Visual Studio 10.0\VC\bin\CL.exe /c /ZI /nologo /W3 /WX- /Od /Oy- /D _MBCS /Gm /EHsc /RTC1 /MDd /GS /fp:precise /Zc:wchar_t /Zc:forScope /Fo"Debug\\" /Fd"Debug\vc100.pdb" /Gd /TP /analyze- /errorReport:prompt main.cpp
         main.cpp
     1>c:\users\xcg\desktop\code_pra\c++_test\bind_test\bind_test\main.cpp(21): error C2059: 语法错误:“)”
     1>c:\users\xcg\desktop\code_pra\c++_test\bind_test\bind_test\main.cpp(24): error C2065: “_1”: 未声明的标识符
     1>c:\users\xcg\desktop\code_pra\c++_test\bind_test\bind_test\main.cpp(24): fatal error C1903: 无法从以前的错误中恢复；正在停止编译
     1>已完成生成项目“C:\Users\xcg\Desktop\Code_Pra\c++_test\Bind_Test\Bind_Test\Bind_Test.vcxproj”(build 个目标)的操作 - 失败。

生成失败。

已用时间 00:00:00.76
