生成启动时间为 2018/5/15 21:04:59。
     1>项目“C:\Users\xcg\Desktop\Program_Practice\c++_test\c++_object_model\c++_object_model\c++_object_model.vcxproj”在节点 2 上(build 个目标)。
     1>InitializeBuildStatus:
         正在对“Debug\c++_object_model.unsuccessfulbuild”执行 Touch 任务。
       ClCompile:
         所有输出均为最新。
       Link:
         I:\Program Files (x86)\Microsoft Visual Studio 10.0\VC\bin\link.exe /ERRORREPORT:PROMPT /OUT:"C:\Users\xcg\Desktop\Program_Practice\c++_test\c++_object_model\Debug\c++_object_model.exe" /NOLOGO kernel32.lib user32.lib gdi32.lib winspool.lib comdlg32.lib advapi32.lib shell32.lib ole32.lib oleaut32.lib uuid.lib odbc32.lib odbccp32.lib /MANIFEST /ManifestFile:"Debug\c++_object_model.exe.intermediate.manifest" /MANIFESTUAC:"level='asInvoker' uiAccess='false'" /DEBUG /PDB:"C:\Users\xcg\Desktop\Program_Practice\c++_test\c++_object_model\Debug\c++_object_model.pdb" /TLBID:1 /DYNAMICBASE /NXCOMPAT /IMPLIB:"C:\Users\xcg\Desktop\Program_Practice\c++_test\c++_object_model\Debug\c++_object_model.lib" /MACHINE:X86 Debug\main.obj
     1>main.obj : error LNK2019: 无法解析的外部符号 "public: float __thiscall Point::x(void)" (?x@Point@@QAEMXZ)，该符号在函数 _main 中被引用
     1>C:\Users\xcg\Desktop\Program_Practice\c++_test\c++_object_model\Debug\c++_object_model.exe : fatal error LNK1120: 1 个无法解析的外部命令
     1>已完成生成项目“C:\Users\xcg\Desktop\Program_Practice\c++_test\c++_object_model\c++_object_model\c++_object_model.vcxproj”(build 个目标)的操作 - 失败。

生成失败。

已用时间 00:00:00.15
